<?xml version="1.0" encoding="UTF-8"?>
<!-- Generated by org.testng.reporters.JUnitReportReporter -->
<testsuite hostname="DESKTOP-EK12KD1" failures="0" tests="2" name="ducat.Firstfile" time="0.024" errors="0" timestamp="2024-01-21T11:57:07 IST" skipped="0">
  <testcase classname="ducat.Firstfile" name="helllo" time="0.016"/>
  <testcase classname="ducat.Firstfile" name="hello" time="0.008"/>
</testsuite> <!-- ducat.Firstfile -->
