<?xml version="1.0" encoding="UTF-8"?>
<!-- Generated by org.testng.reporters.JUnitReportReporter -->
<testsuite hostname="DESKTOP-EK12KD1" failures="0" tests="1" name="ducat.SecondTest" time="0.006" errors="0" timestamp="2024-01-28T11:12:51 IST" skipped="0">
  <testcase classname="ducat.SecondTest" name="batman" time="0.006"/>
</testsuite> <!-- ducat.SecondTest -->
