<?xml version="1.0" encoding="UTF-8"?>
<!-- Generated by org.testng.reporters.JUnitReportReporter -->
<testsuite hostname="DESKTOP-EK12KD1" failures="0" tests="2" name="ducat.FirstTest" time="0.016" errors="0" timestamp="2024-01-28T11:21:59 IST" skipped="0">
  <testcase classname="ducat.FirstTest" name="abc" time="0.014"/>
  <testcase classname="ducat.FirstTest" name="hello" time="0.002"/>
</testsuite> <!-- ducat.FirstTest -->
