<?xml version="1.0" encoding="UTF-8"?>
<!-- Generated by org.testng.reporters.JUnitReportReporter -->
<testsuite hostname="DESKTOP-EK12KD1" failures="0" tests="3" name="ducat.thirdTest" time="0.017" errors="0" timestamp="2024-01-28T11:36:34 IST" skipped="0">
  <testcase classname="ducat.thirdTest" name="signin" time="0.003"/>
  <testcase classname="ducat.thirdTest" name="signout" time="0.003"/>
  <testcase classname="ducat.thirdTest" name="browser" time="0.011"/>
</testsuite> <!-- ducat.thirdTest -->
